[23:14:37] [main/INFO]: Environment: authHost='https://authserver.mojang.com', accountsHost='https://api.mojang.com', sessionHost='https://sessionserver.mojang.com', servicesHost='https://api.minecraftservices.com', name='PROD'
[23:14:37] [main/INFO]: Reloading ResourceManager: Default, bukkit
[23:14:39] [Worker-Main-2/INFO]: Loaded 7 recipes
[23:14:41] [Server thread/INFO]: Starting minecraft server version 1.17.1
[23:14:41] [Server thread/INFO]: Loading properties
[23:14:41] [Server thread/INFO]: This server is running Paper version git-Paper-132 (MC: 1.17.1) (Implementing API version 1.17.1-R0.1-SNAPSHOT) (Git: efd7e51)
[23:14:41] [Server thread/INFO]: Debug logging is disabled
[23:14:41] [Server thread/INFO]: Server Ping Player Sample Count: 12
[23:14:41] [Server thread/INFO]: Using 4 threads for Netty based IO
[23:14:41] [Server thread/INFO]: Default game type: SURVIVAL
[23:14:41] [Server thread/INFO]: Generating keypair
[23:14:41] [Server thread/INFO]: Starting Minecraft server on *:25565
[23:14:41] [Server thread/INFO]: Using epoll channel type
[23:14:43] [Server thread/WARN]: Initializing Legacy Material Support. Unless you have legacy plugins and/or data this is a bug!
[23:14:49] [Server thread/WARN]: Legacy plugin TreeCapitator v1.0 does not specify an api-version.
[23:14:49] [Server thread/WARN]: Legacy plugin ServerListPlus v3.4.8 does not specify an api-version.
[23:14:50] [Server thread/INFO]: [FarmControl] Loading FarmControl v1.1.8
[23:14:50] [Server thread/INFO]: [LuckPerms] Loading LuckPerms v5.3.50
[23:14:50] [Server thread/INFO]: [BlueMap] Loading BlueMap v1.5.5
[23:14:50] [Server thread/INFO]: [TreeCapitator] Loading TreeCapitator v1.0
[23:14:50] [Server thread/INFO]: [Geyser-Spigot] Loading Geyser-Spigot v1.4.1-SNAPSHOT
[23:14:50] [Server thread/INFO]: [TabTPS] Loading TabTPS v1.3.8
[23:14:50] [Server thread/INFO]: [Vault] Loading Vault v1.7.3-b131
[23:14:50] [Server thread/INFO]: [ProtocolLib] Loading ProtocolLib v4.7.0
[23:14:52] [Server thread/INFO]: [WorldEdit] Loading WorldEdit v7.2.6-beta-01+1415e6f
[23:14:52] [Server thread/INFO]: Got request to register class com.sk89q.worldedit.bukkit.BukkitServerInterface with WorldEdit [com.sk89q.worldedit.extension.platform.PlatformManager@1b6a2bec]
[23:14:52] [Server thread/INFO]: [Essentials] Loading Essentials v2.19.0-dev+197-5e17894
[23:14:52] [Server thread/INFO]: [ServerListPlus] Loading ServerListPlus v3.4.8
[23:14:52] [Server thread/INFO]: [WorldGuard] Loading WorldGuard v7.0.5+3827266
[23:14:52] [Server thread/INFO]: [WorldEditSUI] Loading WorldEditSUI v1.7.1
[23:14:52] [Server thread/INFO]: [mcMMO] Loading mcMMO v2.1.200
[23:14:52] [Server thread/INFO]: [mcMMO] Registered WG flags successfully!
[23:14:52] [Server thread/INFO]: [GriefPrevention] Loading GriefPrevention v16.17.1-2b69191
[23:14:52] [Server thread/INFO]: [DiscordSRV] Loading DiscordSRV v1.23.0
[23:14:52] [Server thread/INFO]: [HyperDrive] Loading HyperDrive v5.4.9
[23:14:52] [Server thread/INFO]: Server permissions file permissions.yml is empty, ignoring it
[23:14:52] [Server thread/INFO]: [LuckPerms] Enabling LuckPerms v5.3.50
[23:14:53] [Server thread/INFO]:         __    
[23:14:53] [Server thread/INFO]:   |    |__)   LuckPerms v5.3.50
[23:14:53] [Server thread/INFO]:   |___ |      Running on Bukkit - Paper
[23:14:53] [Server thread/INFO]: 
[23:14:53] [Server thread/INFO]: [LuckPerms] Loading configuration...
[23:14:53] [Server thread/INFO]: [LuckPerms] Loading storage provider... [H2]
[23:14:54] [Server thread/INFO]: [LuckPerms] Loading internal permission managers...
[23:14:54] [Server thread/INFO]: [LuckPerms] Performing initial data load...
[23:14:54] [Server thread/INFO]: [LuckPerms] Successfully enabled. (took 1827ms)
[23:14:54] [Server thread/INFO]: [Vault] Enabling Vault v1.7.3-b131
[23:14:54] [Server thread/WARN]: [Vault] Loaded class com.earth2me.essentials.api.Economy from Essentials v2.19.0-dev+197-5e17894 which is not a depend, softdepend or loadbefore of this plugin.
[23:14:54] [Server thread/INFO]: [Vault] [Economy] Essentials Economy found: Waiting
[23:14:54] [Server thread/INFO]: [Vault] [Permission] SuperPermissions loaded as backup permission system.
[23:14:54] [Server thread/INFO]: [Vault] Enabled Version 1.7.3-b131
[23:14:54] [Server thread/INFO]: [LuckPerms] Registered Vault permission & chat hook.
[23:14:54] [Server thread/INFO]: [ProtocolLib] Enabling ProtocolLib v4.7.0
[23:14:54] [Server thread/INFO]: [ProtocolLib] Started structure compiler thread.
[23:14:54] [Server thread/INFO]: [WorldEdit] Enabling WorldEdit v7.2.6-beta-01+1415e6f
[23:14:55] [Server thread/INFO]: Registering commands with com.sk89q.worldedit.bukkit.BukkitServerInterface
[23:14:55] [Server thread/INFO]: WEPIF: Vault detected! Using Vault for permissions
[23:14:55] [Server thread/INFO]: Using com.sk89q.worldedit.bukkit.adapter.impl.Spigot_v1_17_R1_2 as the Bukkit adapter
[23:14:56] [Server thread/INFO]: Preparing level "world"
[23:14:57] [Server thread/INFO]: Preparing start region for dimension minecraft:overworld
[23:15:04] [Server thread/INFO]: Time elapsed: 6088 ms
[23:15:04] [Server thread/INFO]: Preparing start region for dimension minecraft:the_nether
[23:15:07] [Worker-Main-2/INFO]: Preparing spawn area: 0%
[23:15:07] [Worker-Main-2/INFO]: Preparing spawn area: 0%
[23:15:07] [Server thread/INFO]: Time elapsed: 3718 ms
[23:15:07] [Server thread/INFO]: Preparing start region for dimension minecraft:the_end
[23:15:14] [Worker-Main-1/INFO]: Preparing spawn area: 0%
[23:15:14] [Worker-Main-1/INFO]: Preparing spawn area: 0%
[23:15:14] [Worker-Main-1/INFO]: Preparing spawn area: 0%
[23:15:14] [Worker-Main-1/INFO]: Preparing spawn area: 0%
[23:15:14] [Worker-Main-1/INFO]: Preparing spawn area: 0%
[23:15:14] [Worker-Main-1/INFO]: Preparing spawn area: 0%
[23:15:14] [Worker-Main-1/INFO]: Preparing spawn area: 0%
[23:15:14] [Worker-Main-1/INFO]: Preparing spawn area: 0%
[23:15:14] [Worker-Main-1/INFO]: Preparing spawn area: 0%
[23:15:14] [Worker-Main-1/INFO]: Preparing spawn area: 0%
[23:15:14] [Worker-Main-1/INFO]: Preparing spawn area: 0%
[23:15:14] [Worker-Main-1/INFO]: Preparing spawn area: 0%
[23:15:14] [Worker-Main-1/INFO]: Preparing spawn area: 0%
[23:15:14] [Worker-Main-1/INFO]: Preparing spawn area: 0%
[23:15:14] [Worker-Main-2/INFO]: Preparing spawn area: 0%
[23:15:15] [Worker-Main-1/INFO]: Preparing spawn area: 0%
[23:15:15] [Worker-Main-2/INFO]: Preparing spawn area: 0%
[23:15:16] [Worker-Main-1/INFO]: Preparing spawn area: 0%
[23:15:16] [Worker-Main-2/INFO]: Preparing spawn area: 0%
[23:15:17] [Worker-Main-1/INFO]: Preparing spawn area: 0%
[23:15:17] [Worker-Main-1/INFO]: Preparing spawn area: 0%
[23:15:18] [Server thread/INFO]: Time elapsed: 10473 ms
[23:15:18] [Server thread/INFO]: [FarmControl] Enabling FarmControl v1.1.8
[23:15:18] [Server thread/INFO]: [BlueMap] Enabling BlueMap v1.5.5
[23:15:18] [Server thread/INFO]: [BlueMap] Saving all worlds once, to make sure the level.dat is present...
[23:15:18] [Server thread/WARN]: A manual (plugin-induced) save has been detected while server is configured to auto-save. This may affect performance.
[23:15:18] [Server thread/INFO]: [TreeCapitator] Enabling TreeCapitator v1.0*
[23:15:18] [Server thread/INFO]: [Geyser-Spigot] Enabling Geyser-Spigot v1.4.1-SNAPSHOT
[23:15:19] [Server thread/INFO]: [Geyser-Spigot] ******************************************
[23:15:19] [Server thread/INFO]: [Geyser-Spigot] 
[23:15:19] [Server thread/INFO]: [Geyser-Spigot] Loading Geyser version 1.4.1-SNAPSHOT (git-master-46cd26f)
[23:15:19] [Server thread/INFO]: [Geyser-Spigot] 
[23:15:19] [Server thread/INFO]: [Geyser-Spigot] ******************************************
[23:15:25] [Network Listener - #1/INFO]: [Geyser-Spigot] Started Geyser on 0.0.0.0:19132
[23:15:25] [Server thread/INFO]: [Geyser-Spigot] Done (6.433s)! Run /geyser help for help!
[23:15:25] [Server thread/INFO]: [TabTPS] Enabling TabTPS v1.3.8
[23:15:26] [Server thread/INFO]: [TabTPS] Successfully registered Mojang Brigadier support for commands.
[23:15:26] [Server thread/INFO]: [TabTPS] Successfully registered asynchronous command completion listener.
[23:15:26] [Server thread/INFO]: [Essentials] Enabling Essentials v2.19.0-dev+197-5e17894
[23:15:27] [Server thread/INFO]: [Essentials] Attempting to convert old kits in config.yml to new kits.yml
[23:15:27] [Server thread/INFO]: [Essentials] No kits found to migrate.
[23:15:27] [Server thread/INFO]: [Essentials] Loaded 36837 items from items.json.
[23:15:27] [Server thread/INFO]: [Essentials] Using locale en_US
[23:15:27] [Server thread/INFO]: [Essentials] ServerListPingEvent: Spigot iterator API
[23:15:27] [Server thread/INFO]: [Essentials] Metrics disabled per bStats config.
[23:15:27] [Server thread/INFO]: [Vault] [Economy] Essentials Economy hooked.
[23:15:27] [Server thread/INFO]: [Essentials] Using Vault based permissions (LuckPerms)
[23:15:27] [Server thread/INFO]: [ServerListPlus] Enabling ServerListPlus v3.4.8*
[23:15:27] [Server thread/INFO]: [ServerListPlus] [Core] Reloading configuration...
[23:15:27] [Server thread/INFO]: [ServerListPlus] [Core] Loaded configuration: ServerStatusConf
[23:15:27] [Server thread/INFO]: [ServerListPlus] [Core] Loaded configuration: PluginConf
[23:15:27] [Server thread/INFO]: [ServerListPlus] [Core] Reloading saved player identities...
[23:15:27] [Server thread/INFO]: [ServerListPlus] Successfully loaded!
[23:15:27] [Server thread/INFO]: [ServerListPlus] ServerListPlus v3.4.8 enabled.
[23:15:27] [Server thread/INFO]: [WorldGuard] Enabling WorldGuard v7.0.5+3827266
[23:15:28] [Server thread/INFO]: [WorldGuard] (world) TNT ignition is PERMITTED.
[23:15:28] [Server thread/INFO]: [WorldGuard] (world) Lighters are PERMITTED.
[23:15:28] [Server thread/INFO]: [WorldGuard] (world) Lava fire is PERMITTED.
[23:15:28] [Server thread/INFO]: [WorldGuard] (world) Fire spread is UNRESTRICTED.
[23:15:28] [Server thread/INFO]: [WorldGuard] Loaded configuration for world 'world'
[23:15:28] [Server thread/INFO]: [WorldGuard] (world_nether) TNT ignition is PERMITTED.
[23:15:28] [Server thread/INFO]: [WorldGuard] (world_nether) Lighters are PERMITTED.
[23:15:28] [Server thread/INFO]: [WorldGuard] (world_nether) Lava fire is PERMITTED.
[23:15:28] [Server thread/INFO]: [WorldGuard] (world_nether) Fire spread is UNRESTRICTED.
[23:15:28] [Server thread/INFO]: [WorldGuard] Loaded configuration for world 'world_nether'
[23:15:28] [Server thread/INFO]: [WorldGuard] (world_the_end) TNT ignition is PERMITTED.
[23:15:28] [Server thread/INFO]: [WorldGuard] (world_the_end) Lighters are PERMITTED.
[23:15:28] [Server thread/INFO]: [WorldGuard] (world_the_end) Lava fire is PERMITTED.
[23:15:28] [Server thread/INFO]: [WorldGuard] (world_the_end) Fire spread is UNRESTRICTED.
[23:15:28] [Server thread/INFO]: [WorldGuard] Loaded configuration for world 'world_the_end'
[23:15:28] [Server thread/INFO]: [WorldGuard] Loading region data...
[23:15:28] [Server thread/INFO]: [WorldEditSUI] Enabling WorldEditSUI v1.7.1
[23:15:28] [Server thread/INFO]: [WorldEditSUI] Plugin by KennyTV
[23:15:28] [Server thread/INFO]: [mcMMO] Enabling mcMMO v2.1.200
[23:15:28] [Server thread/INFO]: [mcMMO] [Debug] Loading mcMMO config.yml File...
[23:15:28] [Server thread/INFO]: [mcMMO] [Debug] No errors found in config.yml!
[23:15:28] [Server thread/INFO]: [mcMMO] Loading locale from plugins/mcMMO/locales/locale_override.properties
[23:15:28] [Server thread/INFO]: [mcMMO] [Debug] Loading mcMMO advanced.yml File...
[23:15:28] [Server thread/INFO]: [mcMMO] [Debug] No errors found in advanced.yml!
[23:15:28] [Server thread/INFO]: [mcMMO] Platform String: 1.17.1-R0.1-SNAPSHOT
[23:15:28] [Server thread/INFO]: [mcMMO] Minecraft version determined to be - 1.17.1
[23:15:28] [Server thread/INFO]: [mcMMO] Loading compatibility layers...
[23:15:28] [Server thread/INFO]: [mcMMO] Finished loading compatibility layers.
[23:15:29] [Server thread/INFO]: [mcMMO] Registering enchantments for Fishing Book...
[23:15:34] [Server thread/INFO]: [mcMMO] (plugins/mcMMO/flatfile/mcmmo.users) Validating database file..
[23:15:34] [Server thread/INFO]: [mcMMO] Enabling Acrobatics Skills
[23:15:34] [Server thread/INFO]: [mcMMO] Registered subskill: Roll
[23:15:34] [Server thread/INFO]: [mcMMO] 0 entries in mcMMO World Blacklist
[23:15:34] [Server thread/INFO]: [GriefPrevention] Enabling GriefPrevention v16.17.1-2b69191
[23:15:34] [Server thread/INFO]: [GriefPrevention] Finished loading configuration.
[23:15:34] [Server thread/INFO]: [GriefPrevention] 0 total claims loaded.
[23:15:35] [Server thread/INFO]: [GriefPrevention] Customizable messages loaded.
[23:15:35] [Server thread/INFO]: [GriefPrevention] Successfully hooked into WorldGuard.
[23:15:35] [Server thread/INFO]: [GriefPrevention] Finished loading data (File Mode).
[23:15:35] [Server thread/INFO]: [GriefPrevention] Boot finished.
[23:15:35] [Server thread/INFO]: [DiscordSRV] Enabling DiscordSRV v1.23.0
[23:15:35] [Server thread/INFO]: [HyperDrive] Enabling HyperDrive v5.4.9
[23:15:35] [Server thread/INFO]: [HyperDrive] Everything inside the configuration seems to be up to date. (Took 21ms)
[23:15:35] [Server thread/INFO]: [HyperDrive] Async chunk retrieving methods were found!
[23:15:36] [Server thread/INFO]: [HyperDrive] Communication to the database was successful. (Took 0ms)
[23:15:36] [Server thread/INFO]: [HyperDrive] v1_17_R1 packets were successfully setup! (Took 1ms)
[23:15:36] [Server thread/INFO]: [HyperDrive] Everything is set and ready to go! (Took 129ms)
[23:15:36] [Server thread/INFO]: [HyperDrive] HEY YOU! There seems to be a new version out (5.5)!
[23:15:36] [Log4j2-TF-1-AsyncLogger[AsyncContext@531d72ca]-1/INFO]: [DiscordSRV] [JDA] Login Successful!
[23:15:37] [Server thread/INFO]: Running delayed init tasks
[23:15:37] [Craft Scheduler Thread - 4/INFO]: [BlueMap] Loading...
[23:15:37] [Log4j2-TF-1-AsyncLogger[AsyncContext@531d72ca]-1/INFO]: [DiscordSRV] [JDA] Connected to WebSocket
[23:15:37] [Server thread/INFO]: [Essentials] Essentials found a compatible payment resolution method: Vault Compatibility Layer (v1.7.3-b131)!
[23:15:37] [Craft Scheduler Thread - 7/INFO]: [Essentials] Fetching version information...
[23:15:37] [Server thread/INFO]: Done (56.264s)! For help, type "help"
[23:15:37] [Server thread/INFO]: Timings Reset
[23:15:37] [Craft Scheduler Thread - 12/INFO]: [Vault] Checking for Updates ... 
[23:15:37] [Craft Scheduler Thread - 4/INFO]: [BlueMap] Loading resources...
[23:15:37] [Thread-25/INFO]: [BlueMap] WebServer started.
[23:15:37] [Craft Scheduler Thread - 7/WARN]: [Essentials] You're 35 EssentialsX dev build(s) out of date!
[23:15:37] [Craft Scheduler Thread - 7/WARN]: [Essentials] Download it here: https://essentialsx.net/downloads.html
[23:15:38] [Log4j2-TF-1-AsyncLogger[AsyncContext@531d72ca]-1/INFO]: [DiscordSRV] [JDA] Finished Loading!
[23:15:38] [DiscordSRV - Initialization/INFO]: [DiscordSRV] Found server G:Kesto(765330675565330473)
[23:15:38] [DiscordSRV - Initialization/INFO]: [DiscordSRV] - TC:ðŸš€crashlands(769345380164567041)
[23:15:38] [DiscordSRV - Initialization/INFO]: [DiscordSRV] - TC:â—rules(765334761321136168)
[23:15:38] [DiscordSRV - Initialization/INFO]: [DiscordSRV] - TC:ðŸ“£announcements(767619192773935141)
[23:15:38] [DiscordSRV - Initialization/INFO]: [DiscordSRV] - TC:â„¹info(772207088415539251)
[23:15:38] [DiscordSRV - Initialization/INFO]: [DiscordSRV] - TC:polls(826498125572997200)
[23:15:38] [DiscordSRV - Initialization/INFO]: [DiscordSRV] - TC:ðŸ¤affiliates(769345149431971862)
[23:15:38] [DiscordSRV - Initialization/INFO]: [DiscordSRV] - TC:ðŸŽ­creator-of-the-week(769345190082641930)
[23:15:38] [DiscordSRV - Initialization/INFO]: [DiscordSRV] - TC:ðŸ”commission-spotlight(769345293820624909)
[23:15:38] [DiscordSRV - Initialization/INFO]: [DiscordSRV] - TC:ðŸ”–roles(769347871538675743)
[23:15:38] [DiscordSRV - Initialization/INFO]: [DiscordSRV] - TC:ðŸŒ-network-updates(815786192624680960)
[23:15:38] [DiscordSRV - Initialization/INFO]: [DiscordSRV] - TC:ðŸ’¬general(765365452653461544)
[23:15:38] [DiscordSRV - Initialization/INFO]: [DiscordSRV] - TC:ðŸ‘‹introductions(769346413422837820)
[23:15:38] [DiscordSRV - Initialization/INFO]: [DiscordSRV] - TC:ðŸ¹minecraft(769346357781069825)
[23:15:38] [DiscordSRV - Initialization/INFO]: [DiscordSRV] - TC:ðŸ’¡suggestions(769346442287906857)
[23:15:38] [DiscordSRV - Initialization/INFO]: [DiscordSRV] - TC:ðŸ“°cw-controversial(769346567974420482)
[23:15:38] [DiscordSRV - Initialization/INFO]: [DiscordSRV] - TC:âš cw-sensitive(868601919332053032)
[23:15:38] [DiscordSRV - Initialization/INFO]: [DiscordSRV] - TC:staff-only(776612053770174474)
[23:15:38] [DiscordSRV - Initialization/INFO]: [DiscordSRV] - TC:ðŸ—£type-to-speech(769346732727074868)
[23:15:38] [DiscordSRV - Initialization/INFO]: [DiscordSRV] - TC:music-commands(819701839800434688)
[23:15:38] [DiscordSRV - Initialization/INFO]: [DiscordSRV] - TC:dash-commands(784629926312935454)
[23:15:38] [DiscordSRV - Initialization/INFO]: [DiscordSRV] - TC:ðŸŽ¨artist-promo(769349450975543350)
[23:15:38] [DiscordSRV - Initialization/INFO]: [DiscordSRV] - TC:ðŸŽ¥streamer-promo(769349426405572618)
[23:15:38] [DiscordSRV - Initialization/INFO]: [DiscordSRV] - TC:ðŸ“writer-promo(769349476182917162)
[23:15:38] [DiscordSRV - Initialization/INFO]: [DiscordSRV] - TC:ðŸ“‹art-commissions(769349506100625418)
[23:15:38] [DiscordSRV - Initialization/INFO]: [DiscordSRV] - TC:ðŸ“¹video-promo(769357845254504468)
[23:15:38] [DiscordSRV - Initialization/INFO]: [DiscordSRV] - TC:âœwriting-commissions(769349537579139072)
[23:15:38] [DiscordSRV - Initialization/INFO]: [DiscordSRV] - TC:ðŸŽ®gaming-zone(769356754399920168)
[23:15:38] [DiscordSRV - Initialization/INFO]: [DiscordSRV] - TC:ðŸ—£type-to-game(769356799995412500)
[23:15:38] [DiscordSRV - Initialization/INFO]: [DiscordSRV] - TC:chat-cast(776194135072833626)
[23:15:38] [DiscordSRV - Initialization/INFO]: [DiscordSRV] - TC:ðŸŽ¬clips(769357321649258526)
[23:15:38] [DiscordSRV - Initialization/INFO]: [DiscordSRV] - TC:ðŸ“–streamer-resources(769357466215120896)
[23:15:38] [DiscordSRV - Initialization/INFO]: [DiscordSRV] - TC:ðŸŽ™streamer-chat(769357526952443905)
[23:15:38] [DiscordSRV - Initialization/INFO]: [DiscordSRV] - TC:ðŸ”§editing-room(769357171493437440)
[23:15:38] [DiscordSRV - Initialization/INFO]: [DiscordSRV] - TC:ðŸ“‘video-creators-resources(769357307125039124)
[23:15:38] [DiscordSRV - Initialization/INFO]: [DiscordSRV] - TC:ðŸ“šthe-library(769429236527136799)
[23:15:38] [DiscordSRV - Initialization/INFO]: [DiscordSRV] - TC:ðŸ“ƒwriters-lounge(769356922188857364)
[23:15:38] [DiscordSRV - Initialization/INFO]: [DiscordSRV] - TC:ðŸ““writers-resources(769356999145160725)
[23:15:38] [DiscordSRV - Initialization/INFO]: [DiscordSRV] - TC:sprints(851599222183690251)
[23:15:38] [DiscordSRV - Initialization/INFO]: [DiscordSRV] - TC:the-workshop(851599250960678924)
[23:15:38] [DiscordSRV - Initialization/INFO]: [DiscordSRV] - TC:bot-spam(869313101034561606)
[23:15:38] [DiscordSRV - Initialization/INFO]: [DiscordSRV] - TC:ðŸ“Œart-pinup(769429104972791818)
[23:15:38] [DiscordSRV - Initialization/INFO]: [DiscordSRV] - TC:ðŸŽ¨artist-cafe(769356128852115467)
[23:15:38] [DiscordSRV - Initialization/INFO]: [DiscordSRV] - TC:ðŸ§¾art-requests(769356190370365450)
[23:15:38] [DiscordSRV - Initialization/INFO]: [DiscordSRV] - TC:ðŸ–¼references-n-tips(769356251648753674)
[23:15:38] [DiscordSRV - Initialization/INFO]: [DiscordSRV] - TC:ðŸ“šartist-resources(769356885794881546)
[23:15:38] [DiscordSRV - Initialization/INFO]: [DiscordSRV] - TC:voice-clips(799537907081019412)
[23:15:38] [DiscordSRV - Initialization/INFO]: [DiscordSRV] - TC:ðŸ”Švoice-lounge(769432157407281192)
[23:15:38] [DiscordSRV - Initialization/INFO]: [DiscordSRV] - TC:ðŸŽ¤voice-acting-resources(769432204727943178)
[23:15:38] [DiscordSRV - Initialization/INFO]: [DiscordSRV] - TC:bot-spam(869313167459778620)
[23:15:38] [DiscordSRV - Initialization/INFO]: [DiscordSRV] - TC:ðŸ–¼irl-pictures(769356143272263690)
[23:15:38] [DiscordSRV - Initialization/INFO]: [DiscordSRV] - TC:ðŸ•¶dank-memes(769355473861738547)
[23:15:38] [DiscordSRV - Initialization/INFO]: [DiscordSRV] - TC:ðŸ—tasty-foods(769355564400377887)
[23:15:38] [DiscordSRV - Initialization/INFO]: [DiscordSRV] - TC:ðŸ˜ˆcursed-things(769355615914688554)
[23:15:38] [DiscordSRV - Initialization/INFO]: [DiscordSRV] - TC:ðŸ’•wholesome-corner(769355942126288897)
[23:15:38] [DiscordSRV - Initialization/INFO]: [DiscordSRV] - TC:ðŸ’œcute-critters(769356101715361852)
[23:15:38] [DiscordSRV - Initialization/INFO]: [DiscordSRV] - TC:ðŸ†™bump-the-server(781977097123921960)
[23:15:38] [DiscordSRV - Initialization/INFO]: [DiscordSRV] - TC:moderator-only(765334761321136169)
[23:15:38] [DiscordSRV - Initialization/INFO]: [DiscordSRV] - TC:member(769345732481908786)
[23:15:38] [DiscordSRV - Initialization/INFO]: [DiscordSRV] - TC:voice(769345752303665162)
[23:15:38] [DiscordSRV - Initialization/INFO]: [DiscordSRV] - TC:server(769345779805454357)
[23:15:38] [DiscordSRV - Initialization/INFO]: [DiscordSRV] - TC:default(769345794917662751)
[23:15:38] [DiscordSRV - Initialization/INFO]: [DiscordSRV] - TC:join-leave(769345816611258368)
[23:15:38] [DiscordSRV - Initialization/INFO]: [DiscordSRV] - TC:message(769345836999114783)
[23:15:38] [DiscordSRV - Initialization/INFO]: [DiscordSRV] - TC:updates(769345858797699102)
[23:15:38] [DiscordSRV - Initialization/INFO]: [DiscordSRV] Console channel ID was invalid, not forwarding console output
[23:15:38] [Craft Scheduler Thread - 12/INFO]: [Vault] No new version available
[23:15:38] [DiscordSRV - Initialization/INFO]: [DiscordSRV] Enabling Essentials hook
[23:15:38] [DiscordSRV - Initialization/INFO]: [DiscordSRV] Enabling LuckPerms hook
[23:15:38] [DiscordSRV - Initialization/INFO]: [DiscordSRV] No chat plugin hooks enabled
[23:15:39] [pool-49-thread-1/INFO]: [DiscordSRV] DiscordSRV is up-to-date. (ae26c8fa7a85120ccb1cf9bc46d8de316c1a5db8)
[23:15:40] [Craft Scheduler Thread - 4/INFO]: [BlueMap] Loading bluemap assets (1/3)...
[23:15:40] [Craft Scheduler Thread - 4/INFO]: [BlueMap] Loading realms assets (2/3)...
[23:15:40] [Craft Scheduler Thread - 4/INFO]: [BlueMap] Loading minecraft assets (3/3)...
[23:15:44] [Craft Scheduler Thread - 4/INFO]: [BlueMap] Loaded!
[23:15:47] [User Authenticator #1/INFO]: UUID of player HenrickTheBull is 20a38fd6-2ab7-454a-b67f-6bfe0453c311
[23:15:48] [Server thread/INFO]: HenrickTheBull joined the game
[23:15:48] [Server thread/INFO]: HenrickTheBull[/192.168.0.174:58808] logged in with entity id 277 at ([world]-188.67862349411874, 63.0, 262.6327588442651)
[23:15:49] [Server thread/WARN]: [Essentials] Permissions lag notice with (LuckPermsHandler). Response took 50.752080ms. Summary: Getting group for HenrickTheBull
[23:16:02] [Server thread/INFO]: HenrickTheBull issued server command: /tabtps
[23:16:08] [Server thread/INFO]: HenrickTheBull issued server command: /tabtps toggle
[23:16:14] [Server thread/INFO]: HenrickTheBull issued server command: /tabtps toggle
[23:16:18] [Server thread/INFO]: HenrickTheBull issued server command: /tabtps toggle tab
[23:16:25] [Server thread/INFO]: HenrickTheBull issued server command: /tabtps toggle actionbar
[23:17:16] [Server thread/INFO]: HenrickTheBull issued server command: /tabtp
[23:17:26] [Server thread/INFO]: HenrickTheBull issued server command: /tabtps:mem
[23:17:40] [Server thread/INFO]: HenrickTheBull issued server command: /tabtps:ram
[23:17:49] [Server thread/INFO]: HenrickTheBull issued server command: /tabtps:tickinfo
[23:18:20] [Server thread/INFO]: HenrickTheBull issued server command: /tabtps toggle actionbar
[23:18:26] [Server thread/INFO]: HenrickTheBull issued server command: /tabtps toggle bossbar
[23:22:07] [JDA MainWS-ReadThread/INFO]: [DiscordSRV] Chat: [Discord | Artist] rÌ¸ÍÍ€eÌ´Ì¾Í˜eÌ´Ì‹ÌeÌ·Ì„Í eÌ¸Í—ÌˆeÌ·ÌŒÍ‹ > Is it a brand new world or whats up?
[23:22:20] [Async Chat Thread - #0/INFO]: <HenrickTheBull> New world. Fresh and new for 1.17.1
[23:24:30] [Server thread/INFO]: HenrickTheBull issued server command: //set grass_block
[23:25:01] [Server thread/INFO]: HenrickTheBull issued server command: //set grass_block
[23:25:13] [Server thread/INFO]: HenrickTheBull issued server command: //desel
[23:25:53] [Server thread/INFO]: HenrickTheBull lost connection: Disconnected
[23:25:53] [Server thread/INFO]: HenrickTheBull left the game
[23:30:37] [Craft Scheduler Thread - 91/INFO]: [HyperDrive] All warps have been saved! (Took 0ms)
[23:30:49] [User Authenticator #2/INFO]: UUID of player HenrickTheBull is 20a38fd6-2ab7-454a-b67f-6bfe0453c311
[23:30:49] [Server thread/INFO]: HenrickTheBull joined the game
[23:30:49] [Server thread/INFO]: HenrickTheBull[/192.168.0.174:58564] logged in with entity id 2464 at ([world]-344.34510799026754, 78.13207884021803, 255.91917257432772)
[23:31:32] [Server thread/INFO]: HenrickTheBull issued server command: /region select starlink
[23:37:17] [Server thread/INFO]: HenrickTheBull issued server command: //desel
[23:37:49] [Server thread/INFO]: HenrickTheBull issued server command: /gms
[23:38:51] [Server thread/INFO]: HenrickTheBull issued server command: /killall
[23:38:54] [Server thread/INFO]: HenrickTheBull issued server command: /gmc
[23:39:28] [Server thread/INFO]: HenrickTheBull issued server command: /abandonallclaims confirm
[23:43:06] [Server thread/INFO]: HenrickTheBull issued server command: /plugins
[23:44:00] [Server thread/INFO]: HenrickTheBull lost connection: Disconnected
[23:44:00] [Server thread/INFO]: HenrickTheBull left the game
