12:26 HenrickTheBull: AAAAAA
12:45 HenrickTheBull:  placed a sign @ world: x-337, z270
  New Summon
  Pavillion
12:46 HenrickTheBull:  placed a sign @ world: x-347, z270
  Please Proceed
  To The
  Pavillion
  Ahead
13:15 HenrickTheBull:  placed a sign @ world: x-337, z270
  New Summon
  Pavillion
13:16 HenrickTheBull:  placed a sign @ world: x-347, z270
  Please Proceede
  To The
  Pavillion
  Ahead
13:16 HenrickTheBull:  placed a sign @ world: x-330, z270
  Free Food
  1 Stack
  Per New Summon
13:16 HenrickTheBull:  placed a sign @ world: x-330, z273
  Free Bed
  1 Per
  New Summon
13:17 HenrickTheBull:  placed a sign @ world: x-330, z276
  Free Iron Armor
  1 Set Per
  New Summon
13:17 HenrickTheBull:  placed a sign @ world: x-335, z275
  Swords
  1 Per New Summon
13:17 HenrickTheBull:  placed a sign @ world: x-335, z269
  Tools
  1 Per New Summon
13:25 HenrickTheBull:  placed a sign @ world: x-335, z274
  When you are
  ready to leave
  use the paths
  or /rtp
13:32 HenrickTheBull:  placed a sign @ world: x-340, z286
  Free Boats.
  One per person.
